e:\year 3\agp\agp unit\debug\shaders.cso
e:\year 3\agp\agp unit\debug\agp unit.ilk
e:\year 3\agp\agp unit\debug\agp unit.exe
e:\year 3\agp\agp unit\debug\agp unit.pdb
e:\year 3\agp\agp unit\debug\vc140.pdb
e:\year 3\agp\agp unit\debug\vc140.idb
e:\year 3\agp\agp unit\debug\main.obj
e:\year 3\agp\alexgroves tutorial 05 exercise 01-03\debug\main.obj
e:\year 3\agp\alexgroves tutorial 05 exercise 01-03\debug\agp unit.ilk
e:\year 3\agp\alexgroves tutorial 05 exercise 01-03\debug\vc140.idb
e:\year 3\agp\alexgroves tutorial 05 exercise 01-03\debug\vc140.pdb
e:\year 3\agp\alexgroves tutorial 05 exercise 01-03\debug\agp unit.pdb
e:\year 3\agp\alexgroves tutorial 05 exercise 01-03\debug\agp unit.exe
e:\year 3\agp\alexgroves tutorial 05 exercise 01-03\debug\agp unit.tlog\agp unit.write.1u.tlog
e:\year 3\agp\alexgroves tutorial 05 exercise 01-03\debug\agp unit.tlog\cl.command.1.tlog
e:\year 3\agp\alexgroves tutorial 05 exercise 01-03\debug\agp unit.tlog\link.read.1.tlog
e:\year 3\agp\alexgroves tutorial 05 exercise 01-03\debug\agp unit.tlog\cl.read.1.tlog
e:\year 3\agp\alexgroves tutorial 05 exercise 01-03\debug\agp unit.tlog\link.write.1.tlog
e:\year 3\agp\alexgroves tutorial 05 exercise 01-03\debug\agp unit.tlog\cl.write.1.tlog
e:\year 3\agp\alexgroves tutorial 05 exercise 01-03\debug\agp unit.tlog\link.command.1.tlog
e:\year 3\agp\alexgroves tutorial 05 exercise 01-03\debug\agp unit.tlog\fxc.read.1.tlog
e:\year 3\agp\alexgroves tutorial 05 exercise 01-03\debug\agp unit.tlog\fxc.write.1.tlog
e:\year 3\agp\alexgroves tutorial 05 exercise 01-03\debug\agp unit.tlog\fxc.command.1.tlog
