g:\agp\alexgroves tutorial 06 exercise 01\debug\shaders.cso
g:\agp\alexgroves tutorial 06 exercise 01\debug\vc140.pdb
g:\agp\alexgroves tutorial 06 exercise 01\debug\vc140.idb
g:\agp\alexgroves tutorial 06 exercise 01\debug\main.obj
g:\agp\alexgroves tutorial 06 exercise 01\debug\alexgroves tutorial 06 exercise 01.ilk
g:\agp\alexgroves tutorial 06 exercise 01\debug\alexgroves tutorial 06 exercise 01.exe
g:\agp\alexgroves tutorial 06 exercise 01\debug\alexgroves tutorial 06 exercise 01.pdb
g:\agp\alexgroves tutorial 07 exercise 01\debug\main.obj
g:\agp\alexgroves tutorial 07 exercise 01\debug\alexgroves tutorial 06 exercise 01.ilk
g:\agp\alexgroves tutorial 07 exercise 01\debug\vc140.idb
g:\agp\alexgroves tutorial 07 exercise 01\debug\alexgroves tutorial 06 exercise 01.pdb
g:\agp\alexgroves tutorial 07 exercise 01\debug\vc140.pdb
g:\agp\alexgroves tutorial 07 exercise 01\debug\alexgroves tutorial 06 exercise 01.exe
g:\agp\alexgroves tutorial 07 exercise 01\debug\alexgrov.e572df2f.tlog\alexgroves tutorial 06 exercise 01.write.1u.tlog
g:\agp\alexgroves tutorial 07 exercise 01\debug\alexgrov.e572df2f.tlog\cl.command.1.tlog
g:\agp\alexgroves tutorial 07 exercise 01\debug\alexgrov.e572df2f.tlog\cl.read.1.tlog
g:\agp\alexgroves tutorial 07 exercise 01\debug\alexgrov.e572df2f.tlog\cl.write.1.tlog
g:\agp\alexgroves tutorial 07 exercise 01\debug\alexgrov.e572df2f.tlog\link.command.1.tlog
g:\agp\alexgroves tutorial 07 exercise 01\debug\alexgrov.e572df2f.tlog\link.read.1.tlog
g:\agp\alexgroves tutorial 07 exercise 01\debug\alexgrov.e572df2f.tlog\link.write.1.tlog
