e:\agp\alexgroves tutorial 10 exercise 01\debug\model_shaders.cso
e:\agp\alexgroves tutorial 10 exercise 01\debug\shaders.cso
e:\agp\alexgroves tutorial 10 exercise 01\debug\vc140.pdb
e:\agp\alexgroves tutorial 10 exercise 01\debug\vc140.idb
e:\agp\alexgroves tutorial 10 exercise 01\debug\camera.obj
e:\agp\alexgroves tutorial 10 exercise 01\debug\main.obj
e:\agp\alexgroves tutorial 10 exercise 01\debug\model.obj
e:\agp\alexgroves tutorial 10 exercise 01\debug\objfilemodel.obj
e:\agp\alexgroves tutorial 10 exercise 01\debug\alexgroves tutorial 10 exercise 01.ilk
e:\agp\alexgroves tutorial 10 exercise 01\debug\alexgroves tutorial 10 exercise 01.exe
e:\agp\alexgroves tutorial 10 exercise 01\debug\alexgroves tutorial 10 exercise 01.pdb
e:\agp\alexgroves tutorial 12 exercise 01\debug\camera.obj
e:\agp\alexgroves tutorial 12 exercise 01\debug\main.obj
e:\agp\alexgroves tutorial 12 exercise 01\debug\model.obj
e:\agp\alexgroves tutorial 12 exercise 01\debug\objfilemodel.obj
e:\agp\alexgroves tutorial 12 exercise 01\debug\alexgroves tutorial 10 exercise 01.ilk
e:\agp\alexgroves tutorial 12 exercise 01\debug\vc140.idb
e:\agp\alexgroves tutorial 12 exercise 01\debug\alexgroves tutorial 10 exercise 01.pdb
e:\agp\alexgroves tutorial 12 exercise 01\debug\vc140.pdb
e:\agp\alexgroves tutorial 12 exercise 01\debug\alexgroves tutorial 10 exercise 01.exe
e:\agp\alexgroves tutorial 12 exercise 01\debug\alexgrov.e572df2f.tlog\alexgroves tutorial 10 exercise 01.write.1u.tlog
e:\agp\alexgroves tutorial 12 exercise 01\debug\alexgrov.e572df2f.tlog\cl.command.1.tlog
e:\agp\alexgroves tutorial 12 exercise 01\debug\alexgrov.e572df2f.tlog\cl.read.1.tlog
e:\agp\alexgroves tutorial 12 exercise 01\debug\alexgrov.e572df2f.tlog\cl.write.1.tlog
e:\agp\alexgroves tutorial 12 exercise 01\debug\alexgrov.e572df2f.tlog\fxc.command.1.tlog
e:\agp\alexgroves tutorial 12 exercise 01\debug\alexgrov.e572df2f.tlog\fxc.read.1.tlog
e:\agp\alexgroves tutorial 12 exercise 01\debug\alexgrov.e572df2f.tlog\fxc.write.1.tlog
e:\agp\alexgroves tutorial 12 exercise 01\debug\alexgrov.e572df2f.tlog\link.command.1.tlog
e:\agp\alexgroves tutorial 12 exercise 01\debug\alexgrov.e572df2f.tlog\link.read.1.tlog
e:\agp\alexgroves tutorial 12 exercise 01\debug\alexgrov.e572df2f.tlog\link.write.1.tlog
